{"numFailedTestSuites":1,"numFailedTests":1,"numPassedTestSuites":10,"numPassedTests":208,"numPendingTestSuites":0,"numPendingTests":0,"numRuntimeErrorTestSuites":0,"numTodoTests":0,"numTotalTestSuites":11,"numTotalTests":209,"openHandles":[],"snapshot":{"added":0,"didUpdate":false,"failure":false,"filesAdded":0,"filesRemoved":0,"filesRemovedList":[],"filesUnmatched":0,"filesUpdated":0,"matched":0,"total":0,"unchecked":0,"uncheckedKeysByFile":[],"unmatched":0,"updated":0},"startTime":1776669677370,"success":false,"testResults":[{"assertionResults":[{"ancestorTitles":["remoteRequest"],"duration":21,"failureDetails":[],"failureMessages":[],"fullName":"remoteRequest makes a POST request to the correct endpoint and returns result.data","invocations":1,"location":null,"numPassingAsserts":2,"retryReasons":[],"status":"passed","title":"makes a POST request to the correct endpoint and returns result.data"},{"ancestorTitles":["remoteRequest"],"duration":1,"failureDetails":[],"failureMessages":[],"fullName":"remoteRequest serialises body to JSON string","invocations":1,"location":null,"numPassingAsserts":1,"retryReasons":[],"status":"passed","title":"serialises body to JSON string"},{"ancestorTitles":["remoteRequest"],"duration":1,"failureDetails":[],"failureMessages":[],"fullName":"remoteRequest omits body property when no body is provided","invocations":1,"location":null,"numPassingAsserts":1,"retryReasons":[],"status":"passed","title":"omits body property when no body is provided"},{"ancestorTitles":["remoteRequest"],"duration":1,"failureDetails":[],"failureMessages":[],"fullName":"remoteRequest uses GET method when specified in options","invocations":1,"location":null,"numPassingAsserts":1,"retryReasons":[],"status":"passed","title":"uses GET method when specified in options"},{"ancestorTitles":["remoteRequest"],"duration":1,"failureDetails":[],"failureMessages":[],"fullName":"remoteRequest merges custom headers with Content-Type","invocations":1,"location":null,"numPassingAsserts":1,"retryReasons":[],"status":"passed","title":"merges custom headers with Content-Type"},{"ancestorTitles":["remoteRequest"],"duration":10,"failureDetails":[],"failureMessages":[],"fullName":"remoteRequest throws immediately on non-retryable 400 error","invocations":1,"location":null,"numPassingAsserts":2,"retryReasons":[],"status":"passed","title":"throws immediately on non-retryable 400 error"},{"ancestorTitles":["remoteRequest"],"duration":1,"failureDetails":[],"failureMessages":[],"fullName":"remoteRequest throws immediately on non-retryable 403 error","invocations":1,"location":null,"numPassingAsserts":2,"retryReasons":[],"status":"passed","title":"throws immediately on non-retryable 403 error"},{"ancestorTitles":["remoteRequest"],"duration":5,"failureDetails":[],"failureMessages":[],"fullName":"remoteRequest retries on 401 and succeeds on the second attempt","invocations":1,"location":null,"numPassingAsserts":2,"retryReasons":[],"status":"passed","title":"retries on 401 and succeeds on the second attempt"},{"ancestorTitles":["remoteRequest"],"duration":3,"failureDetails":[],"failureMessages":[],"fullName":"remoteRequest retries on 500 and succeeds on the second attempt","invocations":1,"location":null,"numPassingAsserts":2,"retryReasons":[],"status":"passed","title":"retries on 500 and succeeds on the second attempt"},{"ancestorTitles":["remoteRequest"],"duration":3,"failureDetails":[],"failureMessages":[],"fullName":"remoteRequest exhausts MAX_RETRIES (2 total attempts) and throws on persistent 500","invocations":1,"location":null,"numPassingAsserts":2,"retryReasons":[],"status":"passed","title":"exhausts MAX_RETRIES (2 total attempts) and throws on persistent 500"},{"ancestorTitles":["remoteRequest"],"duration":2,"failureDetails":[],"failureMessages":[],"fullName":"remoteRequest retries on \"Authentication failed\" network error","invocations":1,"location":null,"numPassingAsserts":1,"retryReasons":[],"status":"passed","title":"retries on \"Authentication failed\" network error"},{"ancestorTitles":["remoteRequest"],"duration":2,"failureDetails":[],"failureMessages":[],"fullName":"remoteRequest retries on ETIMEDOUT network error","invocations":1,"location":null,"numPassingAsserts":1,"retryReasons":[],"status":"passed","title":"retries on ETIMEDOUT network error"},{"ancestorTitles":["remoteRequest"],"duration":7,"failureDetails":[],"failureMessages":[],"fullName":"remoteRequest retries on ECONNRESET network error","invocations":1,"location":null,"numPassingAsserts":1,"retryReasons":[],"status":"passed","title":"retries on ECONNRESET network error"},{"ancestorTitles":["remoteRequest"],"duration":2,"failureDetails":[],"failureMessages":[],"fullName":"remoteRequest retries on \"fetch failed\" network error","invocations":1,"location":null,"numPassingAsserts":1,"retryReasons":[],"status":"passed","title":"retries on \"fetch failed\" network error"},{"ancestorTitles":["remoteRequest"],"duration":13,"failureDetails":[],"failureMessages":[],"fullName":"remoteRequest throws a non-retryable network error without retrying","invocations":1,"location":null,"numPassingAsserts":2,"retryReasons":[],"status":"passed","title":"throws a non-retryable network error without retrying"},{"ancestorTitles":["remoteRequest"],"duration":1,"failureDetails":[],"failureMessages":[],"fullName":"remoteRequest throws result.error when result.success is false","invocations":1,"location":null,"numPassingAsserts":1,"retryReasons":[],"status":"passed","title":"throws result.error when result.success is false"},{"ancestorTitles":["remoteRequest"],"duration":1,"failureDetails":[],"failureMessages":[],"fullName":"remoteRequest throws \"Unknown error from remote\" when success is false and error is absent","invocations":1,"location":null,"numPassingAsserts":1,"retryReasons":[],"status":"passed","title":"throws \"Unknown error from remote\" when success is false and error is absent"},{"ancestorTitles":["supabaseQuery"],"duration":1,"failureDetails":[],"failureMessages":[],"fullName":"supabaseQuery calls the correct endpoint with the expected body structure","invocations":1,"location":null,"numPassingAsserts":2,"retryReasons":[],"status":"passed","title":"calls the correct endpoint with the expected body structure"},{"ancestorTitles":["supabaseQuery"],"duration":1,"failureDetails":[],"failureMessages":[],"fullName":"supabaseQuery defaults method to GET when not provided","invocations":1,"location":null,"numPassingAsserts":1,"retryReasons":[],"status":"passed","title":"defaults method to GET when not provided"},{"ancestorTitles":["supabaseQuery"],"duration":1,"failureDetails":[],"failureMessages":[],"fullName":"supabaseQuery forwards body and query options","invocations":1,"location":null,"numPassingAsserts":2,"retryReasons":[],"status":"passed","title":"forwards body and query options"},{"ancestorTitles":["fetchDashboardData"],"duration":2,"failureDetails":[],"failureMessages":[],"fullName":"fetchDashboardData returns cached data without hitting the network","invocations":1,"location":null,"numPassingAsserts":2,"retryReasons":[],"status":"passed","title":"returns cached data without hitting the network"},{"ancestorTitles":["fetchDashboardData"],"duration":1,"failureDetails":[],"failureMessages":[],"fullName":"fetchDashboardData uses \":all\" cache-key suffix when projectKeys is undefined","invocations":1,"location":null,"numPassingAsserts":2,"retryReasons":[],"status":"passed","title":"uses \":all\" cache-key suffix when projectKeys is undefined"},{"ancestorTitles":["fetchDashboardData"],"duration":1,"failureDetails":[],"failureMessages":[],"fullName":"fetchDashboardData uses \":all\" cache-key suffix when projectKeys is null","invocations":1,"location":null,"numPassingAsserts":1,"retryReasons":[],"status":"passed","title":"uses \":all\" cache-key suffix when projectKeys is null"},{"ancestorTitles":["fetchDashboardData"],"duration":1,"failureDetails":[],"failureMessages":[],"fullName":"fetchDashboardData uses \":none\" cache-key suffix when projectKeys is an empty array","invocations":1,"location":null,"numPassingAsserts":1,"retryReasons":[],"status":"passed","title":"uses \":none\" cache-key suffix when projectKeys is an empty array"},{"ancestorTitles":["fetchDashboardData"],"duration":9,"failureDetails":[],"failureMessages":[],"fullName":"fetchDashboardData uses alphabetically sorted keys in the cache-key suffix","invocations":1,"location":null,"numPassingAsserts":1,"retryReasons":[],"status":"passed","title":"uses alphabetically sorted keys in the cache-key suffix"},{"ancestorTitles":["fetchDashboardData"],"duration":1,"failureDetails":[],"failureMessages":[],"fullName":"fetchDashboardData passes the correct options to remoteRequest","invocations":1,"location":null,"numPassingAsserts":1,"retryReasons":[],"status":"passed","title":"passes the correct options to remoteRequest"},{"ancestorTitles":["fetchDashboardData"],"duration":1,"failureDetails":[],"failureMessages":[],"fullName":"fetchDashboardData preserves empty projectKeys array (does not coerce to null)","invocations":1,"location":null,"numPassingAsserts":1,"retryReasons":[],"status":"passed","title":"preserves empty projectKeys array (does not coerce to null)"},{"ancestorTitles":["fetchDashboardData"],"duration":1,"failureDetails":[],"failureMessages":[],"fullName":"fetchDashboardData applies default values for omitted numeric options","invocations":1,"location":null,"numPassingAsserts":3,"retryReasons":[],"status":"passed","title":"applies default values for omitted numeric options"},{"ancestorTitles":["fetchDashboardData"],"duration":1,"failureDetails":[],"failureMessages":[],"fullName":"fetchDashboardData caches the result for 30 seconds","invocations":1,"location":null,"numPassingAsserts":1,"retryReasons":[],"status":"passed","title":"caches the result for 30 seconds"},{"ancestorTitles":["getOrCreateOrganization"],"duration":1,"failureDetails":[],"failureMessages":[],"fullName":"getOrCreateOrganization returns cached org without a network call","invocations":1,"location":null,"numPassingAsserts":2,"retryReasons":[],"status":"passed","title":"returns cached org without a network call"},{"ancestorTitles":["getOrCreateOrganization"],"duration":1,"failureDetails":[],"failureMessages":[],"fullName":"getOrCreateOrganization deduplicates concurrent requests for the same cloudId","invocations":1,"location":null,"numPassingAsserts":2,"retryReasons":[],"status":"passed","title":"deduplicates concurrent requests for the same cloudId"},{"ancestorTitles":["getOrCreateOrganization"],"duration":1,"failureDetails":[],"failureMessages":[],"fullName":"getOrCreateOrganization skips Jira API fetch when both orgName and jiraUrl are provided","invocations":1,"location":null,"numPassingAsserts":1,"retryReasons":[],"status":"passed","title":"skips Jira API fetch when both orgName and jiraUrl are provided"},{"ancestorTitles":["getOrCreateOrganization"],"duration":2,"failureDetails":[],"failureMessages":[],"fullName":"getOrCreateOrganization fetches Jira site info when orgName is null","invocations":1,"location":null,"numPassingAsserts":1,"retryReasons":[],"status":"passed","title":"fetches Jira site info when orgName is null"},{"ancestorTitles":["getOrCreateOrganization"],"duration":1,"failureDetails":[],"failureMessages":[],"fullName":"getOrCreateOrganization fetches Jira site info when jiraUrl is null","invocations":1,"location":null,"numPassingAsserts":1,"retryReasons":[],"status":"passed","title":"fetches Jira site info when jiraUrl is null"},{"ancestorTitles":["getOrCreateOrganization"],"duration":0,"failureDetails":[],"failureMessages":[],"fullName":"getOrCreateOrganization uses URL subdomain as site name when serverTitle is the generic \"Jira\"","invocations":1,"location":null,"numPassingAsserts":1,"retryReasons":[],"status":"passed","title":"uses URL subdomain as site name when serverTitle is the generic \"Jira\""},{"ancestorTitles":["getOrCreateOrganization"],"duration":1,"failureDetails":[],"failureMessages":[],"fullName":"getOrCreateOrganization uses URL subdomain when serverTitle is \"Jira Software\"","invocations":1,"location":null,"numPassingAsserts":1,"retryReasons":[],"status":"passed","title":"uses URL subdomain when serverTitle is \"Jira Software\""},{"ancestorTitles":["getOrCreateOrganization"],"duration":1,"failureDetails":[],"failureMessages":[],"fullName":"getOrCreateOrganization uses serverTitle when it is not a generic Jira name","invocations":1,"location":null,"numPassingAsserts":1,"retryReasons":[],"status":"passed","title":"uses serverTitle when it is not a generic Jira name"},{"ancestorTitles":["getOrCreateOrganization"],"duration":1,"failureDetails":[],"failureMessages":[],"fullName":"getOrCreateOrganization leaves orgName and jiraUrl as null when Jira API returns non-ok","invocations":1,"location":null,"numPassingAsserts":2,"retryReasons":[],"status":"passed","title":"leaves orgName and jiraUrl as null when Jira API returns non-ok"},{"ancestorTitles":["getOrCreateOrganization"],"duration":1,"failureDetails":[],"failureMessages":[],"fullName":"getOrCreateOrganization continues without Jira info when requestJira throws","invocations":1,"location":null,"numPassingAsserts":1,"retryReasons":[],"status":"passed","title":"continues without Jira info when requestJira throws"},{"ancestorTitles":["getOrCreateOrganization"],"duration":1,"failureDetails":[],"failureMessages":[],"fullName":"getOrCreateOrganization caches the org with ORGANIZATION TTL","invocations":1,"location":null,"numPassingAsserts":1,"retryReasons":[],"status":"passed","title":"caches the org with ORGANIZATION TTL"},{"ancestorTitles":["getOrCreateOrganization"],"duration":1,"failureDetails":[],"failureMessages":[],"fullName":"getOrCreateOrganization throws when the remote request fails","invocations":1,"location":null,"numPassingAsserts":1,"retryReasons":[],"status":"passed","title":"throws when the remote request fails"},{"ancestorTitles":["getOrCreateUser"],"duration":1,"failureDetails":[],"failureMessages":[],"fullName":"getOrCreateUser returns cached userId when organizationId matches","invocations":1,"location":null,"numPassingAsserts":2,"retryReasons":[],"status":"passed","title":"returns cached userId when organizationId matches"},{"ancestorTitles":["getOrCreateUser"],"duration":0,"failureDetails":[],"failureMessages":[],"fullName":"getOrCreateUser fetches when cached organizationId does not match","invocations":1,"location":null,"numPassingAsserts":1,"retryReasons":[],"status":"passed","title":"fetches when cached organizationId does not match"},{"ancestorTitles":["getOrCreateUser"],"duration":0,"failureDetails":[],"failureMessages":[],"fullName":"getOrCreateUser fetches when cache is null","invocations":1,"location":null,"numPassingAsserts":1,"retryReasons":[],"status":"passed","title":"fetches when cache is null"},{"ancestorTitles":["getOrCreateUser"],"duration":1,"failureDetails":[],"failureMessages":[],"fullName":"getOrCreateUser sends organizationId, email, and displayName in the request body","invocations":1,"location":null,"numPassingAsserts":1,"retryReasons":[],"status":"passed","title":"sends organizationId, email, and displayName in the request body"},{"ancestorTitles":["getOrCreateUser"],"duration":5,"failureDetails":[{"matcherResult":{"message":"\u001b[2mexpect(\u001b[22m\u001b[31mjest.fn()\u001b[39m\u001b[2m).\u001b[22mtoHaveBeenCalledWith\u001b[2m(\u001b[22m\u001b[32m...expected\u001b[39m\u001b[2m)\u001b[22m\n\n\u001b[32m- Expected\u001b[39m\n\u001b[31m+ Received\u001b[39m\n\n\u001b[32m- \"user:org-1:acc-1\"\u001b[39m,\n\u001b[31m+ \"user:org-1\"\u001b[39m,\n  \u001b[2m{\"organizationId\": \"org-1\", \"userId\": \"u1\"}\u001b[22m,\n  \u001b[2m300000\u001b[22m,\n\nNumber of calls: \u001b[31m1\u001b[39m","pass":false}}],"failureMessages":["Error: \u001b[2mexpect(\u001b[22m\u001b[31mjest.fn()\u001b[39m\u001b[2m).\u001b[22mtoHaveBeenCalledWith\u001b[2m(\u001b[22m\u001b[32m...expected\u001b[39m\u001b[2m)\u001b[22m\n\n\u001b[32m- Expected\u001b[39m\n\u001b[31m+ Received\u001b[39m\n\n\u001b[32m- \"user:org-1:acc-1\"\u001b[39m,\n\u001b[31m+ \"user:org-1\"\u001b[39m,\n  \u001b[2m{\"organizationId\": \"org-1\", \"userId\": \"u1\"}\u001b[22m,\n  \u001b[2m300000\u001b[22m,\n\nNumber of calls: \u001b[31m1\u001b[39m\n    at Object.toHaveBeenCalledWith (D:\\ATG-timetracker\\main-20-04-26\\JIRAForge\\forge-app\\tests\\utils\\remote.test.js:557:24)"],"fullName":"getOrCreateUser caches the userId with USER_ID TTL","invocations":1,"location":null,"numPassingAsserts":0,"retryReasons":[],"status":"failed","title":"caches the userId with USER_ID TTL"},{"ancestorTitles":["getOrCreateUser"],"duration":2,"failureDetails":[],"failureMessages":[],"fullName":"getOrCreateUser throws when remoteRequest fails","invocations":1,"location":null,"numPassingAsserts":1,"retryReasons":[],"status":"passed","title":"throws when remoteRequest fails"},{"ancestorTitles":["getOrganizationMembership"],"duration":2,"failureDetails":[],"failureMessages":[],"fullName":"getOrganizationMembership returns membership data on success","invocations":1,"location":null,"numPassingAsserts":1,"retryReasons":[],"status":"passed","title":"returns membership data on success"},{"ancestorTitles":["getOrganizationMembership"],"duration":1,"failureDetails":[],"failureMessages":[],"fullName":"getOrganizationMembership returns null (does not throw) when remoteRequest fails","invocations":1,"location":null,"numPassingAsserts":1,"retryReasons":[],"status":"passed","title":"returns null (does not throw) when remoteRequest fails"},{"ancestorTitles":["uploadToStorage"],"duration":1,"failureDetails":[],"failureMessages":[],"fullName":"uploadToStorage converts Buffer data to base64 before sending","invocations":1,"location":null,"numPassingAsserts":1,"retryReasons":[],"status":"passed","title":"converts Buffer data to base64 before sending"},{"ancestorTitles":["uploadToStorage"],"duration":1,"failureDetails":[],"failureMessages":[],"fullName":"uploadToStorage passes a string directly without re-encoding","invocations":1,"location":null,"numPassingAsserts":1,"retryReasons":[],"status":"passed","title":"passes a string directly without re-encoding"},{"ancestorTitles":["uploadToStorage"],"duration":1,"failureDetails":[],"failureMessages":[],"fullName":"uploadToStorage includes bucket, path, and contentType in the request body","invocations":1,"location":null,"numPassingAsserts":1,"retryReasons":[],"status":"passed","title":"includes bucket, path, and contentType in the request body"},{"ancestorTitles":["generateSignedUrl"],"duration":1,"failureDetails":[],"failureMessages":[],"fullName":"generateSignedUrl returns the signedUrl from the remote response","invocations":1,"location":null,"numPassingAsserts":1,"retryReasons":[],"status":"passed","title":"returns the signedUrl from the remote response"},{"ancestorTitles":["generateSignedUrl"],"duration":1,"failureDetails":[],"failureMessages":[],"fullName":"generateSignedUrl uses the default expiresIn of 3600 seconds","invocations":1,"location":null,"numPassingAsserts":1,"retryReasons":[],"status":"passed","title":"uses the default expiresIn of 3600 seconds"},{"ancestorTitles":["generateSignedUrl"],"duration":1,"failureDetails":[],"failureMessages":[],"fullName":"generateSignedUrl accepts a custom expiresIn value","invocations":1,"location":null,"numPassingAsserts":1,"retryReasons":[],"status":"passed","title":"accepts a custom expiresIn value"},{"ancestorTitles":["deleteFromStorage"],"duration":1,"failureDetails":[],"failureMessages":[],"fullName":"deleteFromStorage calls the correct endpoint with bucket and path","invocations":1,"location":null,"numPassingAsserts":2,"retryReasons":[],"status":"passed","title":"calls the correct endpoint with bucket and path"},{"ancestorTitles":["getLatestAppVersion"],"duration":1,"failureDetails":[],"failureMessages":[],"fullName":"getLatestAppVersion returns cached result without re-fetching","invocations":1,"location":null,"numPassingAsserts":2,"retryReasons":[],"status":"passed","title":"returns cached result without re-fetching"},{"ancestorTitles":["getLatestAppVersion"],"duration":1,"failureDetails":[],"failureMessages":[],"fullName":"getLatestAppVersion recalculates updateAvailable=true when the latest is newer than current","invocations":1,"location":null,"numPassingAsserts":2,"retryReasons":[],"status":"passed","title":"recalculates updateAvailable=true when the latest is newer than current"},{"ancestorTitles":["getLatestAppVersion"],"duration":1,"failureDetails":[],"failureMessages":[],"fullName":"getLatestAppVersion recalculates updateAvailable=false when already on the latest version","invocations":1,"location":null,"numPassingAsserts":1,"retryReasons":[],"status":"passed","title":"recalculates updateAvailable=false when already on the latest version"},{"ancestorTitles":["getLatestAppVersion"],"duration":1,"failureDetails":[],"failureMessages":[],"fullName":"getLatestAppVersion recalculates updateAvailable=false when current is newer than latest","invocations":1,"location":null,"numPassingAsserts":1,"retryReasons":[],"status":"passed","title":"recalculates updateAvailable=false when current is newer than latest"},{"ancestorTitles":["getLatestAppVersion"],"duration":1,"failureDetails":[],"failureMessages":[],"fullName":"getLatestAppVersion skips recalculation when cache hit but currentVersion is not provided","invocations":1,"location":null,"numPassingAsserts":2,"retryReasons":[],"status":"passed","title":"skips recalculation when cache hit but currentVersion is not provided"},{"ancestorTitles":["getLatestAppVersion"],"duration":1,"failureDetails":[],"failureMessages":[],"fullName":"getLatestAppVersion fetches fresh version data on cache miss","invocations":1,"location":null,"numPassingAsserts":2,"retryReasons":[],"status":"passed","title":"fetches fresh version data on cache miss"},{"ancestorTitles":["getLatestAppVersion"],"duration":1,"failureDetails":[],"failureMessages":[],"fullName":"getLatestAppVersion defaults platform to \"windows\" in the request body","invocations":1,"location":null,"numPassingAsserts":1,"retryReasons":[],"status":"passed","title":"defaults platform to \"windows\" in the request body"},{"ancestorTitles":["getLatestAppVersion"],"duration":1,"failureDetails":[],"failureMessages":[],"fullName":"getLatestAppVersion caches the result for 5 minutes (300 000 ms)","invocations":1,"location":null,"numPassingAsserts":1,"retryReasons":[],"status":"passed","title":"caches the result for 5 minutes (300 000 ms)"},{"ancestorTitles":["createFeedbackSession"],"duration":1,"failureDetails":[],"failureMessages":[],"fullName":"createFeedbackSession returns the feedbackUrl from the remote response","invocations":1,"location":null,"numPassingAsserts":1,"retryReasons":[],"status":"passed","title":"returns the feedbackUrl from the remote response"},{"ancestorTitles":["createFeedbackSession"],"duration":1,"failureDetails":[],"failureMessages":[],"fullName":"createFeedbackSession calls the feedback/session endpoint","invocations":1,"location":null,"numPassingAsserts":1,"retryReasons":[],"status":"passed","title":"calls the feedback/session endpoint"},{"ancestorTitles":["submitFeedback"],"duration":2,"failureDetails":[],"failureMessages":[],"fullName":"submitFeedback creates a session, extracts the sessionId, and submits feedback","invocations":1,"location":null,"numPassingAsserts":3,"retryReasons":[],"status":"passed","title":"creates a session, extracts the sessionId, and submits feedback"},{"ancestorTitles":["submitFeedback"],"duration":2,"failureDetails":[],"failureMessages":[],"fullName":"submitFeedback defaults title to empty string when not provided","invocations":1,"location":null,"numPassingAsserts":1,"retryReasons":[],"status":"passed","title":"defaults title to empty string when not provided"},{"ancestorTitles":["submitFeedback"],"duration":2,"failureDetails":[],"failureMessages":[],"fullName":"submitFeedback defaults images to empty array when not provided","invocations":1,"location":null,"numPassingAsserts":1,"retryReasons":[],"status":"passed","title":"defaults images to empty array when not provided"},{"ancestorTitles":["submitFeedback"],"duration":1,"failureDetails":[],"failureMessages":[],"fullName":"submitFeedback throws when the session URL has no \"session\" query parameter","invocations":1,"location":null,"numPassingAsserts":1,"retryReasons":[],"status":"passed","title":"throws when the session URL has no \"session\" query parameter"},{"ancestorTitles":["submitFeedback"],"duration":2,"failureDetails":[],"failureMessages":[],"fullName":"submitFeedback throws when the submit response is not ok","invocations":1,"location":null,"numPassingAsserts":1,"retryReasons":[],"status":"passed","title":"throws when the submit response is not ok"},{"ancestorTitles":["getFeedbackStatus"],"duration":2,"failureDetails":[],"failureMessages":[],"fullName":"getFeedbackStatus returns the status object on success","invocations":1,"location":null,"numPassingAsserts":2,"retryReasons":[],"status":"passed","title":"returns the status object on success"},{"ancestorTitles":["getFeedbackStatus"],"duration":6,"failureDetails":[],"failureMessages":[],"fullName":"getFeedbackStatus throws when the response is not ok","invocations":1,"location":null,"numPassingAsserts":1,"retryReasons":[],"status":"passed","title":"throws when the response is not ok"}],"endTime":1776669678385,"message":"\u001b[1m\u001b[31m  \u001b[1m● \u001b[22m\u001b[1mgetOrCreateUser › caches the userId with USER_ID TTL\u001b[39m\u001b[22m\n\n    \u001b[2mexpect(\u001b[22m\u001b[31mjest.fn()\u001b[39m\u001b[2m).\u001b[22mtoHaveBeenCalledWith\u001b[2m(\u001b[22m\u001b[32m...expected\u001b[39m\u001b[2m)\u001b[22m\n\n    \u001b[32m- Expected\u001b[39m\n    \u001b[31m+ Received\u001b[39m\n\n    \u001b[32m- \"user:org-1:acc-1\"\u001b[39m,\n    \u001b[31m+ \"user:org-1\"\u001b[39m,\n      \u001b[2m{\"organizationId\": \"org-1\", \"userId\": \"u1\"}\u001b[22m,\n      \u001b[2m300000\u001b[22m,\n\n    Number of calls: \u001b[31m1\u001b[39m\n\u001b[2m\u001b[22m\n\u001b[2m    \u001b[0m \u001b[90m 555 |\u001b[39m     invokeRemote\u001b[33m.\u001b[39mmockResolvedValue(makeOkResponse({ userId\u001b[33m:\u001b[39m \u001b[32m'u1'\u001b[39m }))\u001b[33m;\u001b[39m\u001b[22m\n\u001b[2m     \u001b[90m 556 |\u001b[39m     \u001b[36mawait\u001b[39m getOrCreateUser(\u001b[32m'acc-1'\u001b[39m\u001b[33m,\u001b[39m \u001b[32m'org-1'\u001b[39m)\u001b[33m;\u001b[39m\u001b[22m\n\u001b[2m    \u001b[31m\u001b[1m>\u001b[22m\u001b[2m\u001b[39m\u001b[90m 557 |\u001b[39m     expect(setInCache)\u001b[33m.\u001b[39mtoHaveBeenCalledWith(\u001b[22m\n\u001b[2m     \u001b[90m     |\u001b[39m                        \u001b[31m\u001b[1m^\u001b[22m\u001b[2m\u001b[39m\u001b[22m\n\u001b[2m     \u001b[90m 558 |\u001b[39m       \u001b[32m'user:org-1:acc-1'\u001b[39m\u001b[33m,\u001b[39m\u001b[22m\n\u001b[2m     \u001b[90m 559 |\u001b[39m       { userId\u001b[33m:\u001b[39m \u001b[32m'u1'\u001b[39m\u001b[33m,\u001b[39m organizationId\u001b[33m:\u001b[39m \u001b[32m'org-1'\u001b[39m }\u001b[33m,\u001b[39m\u001b[22m\n\u001b[2m     \u001b[90m 560 |\u001b[39m       \u001b[35m300000\u001b[39m\u001b[0m\u001b[22m\n\u001b[2m\u001b[22m\n\u001b[2m      \u001b[2mat Object.toHaveBeenCalledWith (\u001b[22m\u001b[2m\u001b[0m\u001b[36mtests/utils/remote.test.js\u001b[39m\u001b[0m\u001b[2m:557:24)\u001b[22m\u001b[2m\u001b[22m\n","name":"D:\\ATG-timetracker\\main-20-04-26\\JIRAForge\\forge-app\\tests\\utils\\remote.test.js","startTime":1776669677472,"status":"failed","summary":""},{"assertionResults":[{"ancestorTitles":["splitWorklog","partial split - happy path"],"duration":7,"failureDetails":[],"failureMessages":[],"fullName":"splitWorklog partial split - happy path splits 600s (10m) from 1080s (18m) worklog","invocations":1,"location":null,"numPassingAsserts":15,"retryReasons":[],"status":"passed","title":"splits 600s (10m) from 1080s (18m) worklog"},{"ancestorTitles":["splitWorklog","full move - delegates to reassignWorklog"],"duration":1,"failureDetails":[],"failureMessages":[],"fullName":"splitWorklog full move - delegates to reassignWorklog delegates to reassignWorklog when splitSeconds equals total","invocations":1,"location":null,"numPassingAsserts":5,"retryReasons":[],"status":"passed","title":"delegates to reassignWorklog when splitSeconds equals total"},{"ancestorTitles":["splitWorklog","validation errors"],"duration":15,"failureDetails":[],"failureMessages":[],"fullName":"splitWorklog validation errors rejects same source and target","invocations":1,"location":null,"numPassingAsserts":1,"retryReasons":[],"status":"passed","title":"rejects same source and target"},{"ancestorTitles":["splitWorklog","validation errors"],"duration":1,"failureDetails":[],"failureMessages":[],"fullName":"splitWorklog validation errors rejects invalid source issue key","invocations":1,"location":null,"numPassingAsserts":1,"retryReasons":[],"status":"passed","title":"rejects invalid source issue key"},{"ancestorTitles":["splitWorklog","validation errors"],"duration":1,"failureDetails":[],"failureMessages":[],"fullName":"splitWorklog validation errors rejects splitSeconds of 0","invocations":1,"location":null,"numPassingAsserts":1,"retryReasons":[],"status":"passed","title":"rejects splitSeconds of 0"},{"ancestorTitles":["splitWorklog","validation errors"],"duration":0,"failureDetails":[],"failureMessages":[],"fullName":"splitWorklog validation errors rejects negative splitSeconds","invocations":1,"location":null,"numPassingAsserts":1,"retryReasons":[],"status":"passed","title":"rejects negative splitSeconds"},{"ancestorTitles":["splitWorklog","validation errors"],"duration":1,"failureDetails":[],"failureMessages":[],"fullName":"splitWorklog validation errors rejects non-integer splitSeconds","invocations":1,"location":null,"numPassingAsserts":1,"retryReasons":[],"status":"passed","title":"rejects non-integer splitSeconds"},{"ancestorTitles":["splitWorklog","validation errors"],"duration":0,"failureDetails":[],"failureMessages":[],"fullName":"splitWorklog validation errors rejects splitSeconds exceeding total","invocations":1,"location":null,"numPassingAsserts":1,"retryReasons":[],"status":"passed","title":"rejects splitSeconds exceeding total"},{"ancestorTitles":["splitWorklog","error handling"],"duration":1,"failureDetails":[],"failureMessages":[],"fullName":"splitWorklog error handling throws when no sync record exists","invocations":1,"location":null,"numPassingAsserts":1,"retryReasons":[],"status":"passed","title":"throws when no sync record exists"},{"ancestorTitles":["splitWorklog","error handling"],"duration":1,"failureDetails":[],"failureMessages":[],"fullName":"splitWorklog error handling succeeds when worklog is pending (no jira_worklog_id)","invocations":1,"location":null,"numPassingAsserts":2,"retryReasons":[],"status":"passed","title":"succeeds when worklog is pending (no jira_worklog_id)"},{"ancestorTitles":["splitWorklog","error handling"],"duration":1,"failureDetails":[],"failureMessages":[],"fullName":"splitWorklog error handling allows split when target worklog is from a different date","invocations":1,"location":null,"numPassingAsserts":1,"retryReasons":[],"status":"passed","title":"allows split when target worklog is from a different date"},{"ancestorTitles":["splitWorklog","rollback on Jira POST failure"],"duration":1,"failureDetails":[],"failureMessages":[],"fullName":"splitWorklog rollback on Jira POST failure restores source worklog when target creation fails","invocations":1,"location":null,"numPassingAsserts":4,"retryReasons":[],"status":"passed","title":"restores source worklog when target creation fails"},{"ancestorTitles":["splitWorklog","Jira PUT failure"],"duration":0,"failureDetails":[],"failureMessages":[],"fullName":"splitWorklog Jira PUT failure throws when source worklog update fails","invocations":1,"location":null,"numPassingAsserts":2,"retryReasons":[],"status":"passed","title":"throws when source worklog update fails"},{"ancestorTitles":["splitWorklog","activity records reassignment"],"duration":1,"failureDetails":[],"failureMessages":[],"fullName":"splitWorklog activity records reassignment moves proportional activity records to target issue","invocations":1,"location":null,"numPassingAsserts":5,"retryReasons":[],"status":"passed","title":"moves proportional activity records to target issue"}],"endTime":1776669678673,"message":"","name":"D:\\ATG-timetracker\\main-20-04-26\\JIRAForge\\forge-app\\tests\\services\\worklogSplit.test.js","startTime":1776669678507,"status":"passed","summary":""},{"assertionResults":[{"ancestorTitles":["scheduledWorklogSync — created_as_user flag","when impersonation succeeds (author matches accountId)"],"duration":11,"failureDetails":[],"failureMessages":[],"fullName":"scheduledWorklogSync — created_as_user flag when impersonation succeeds (author matches accountId) sets created_as_user to TRUE","invocations":1,"location":null,"numPassingAsserts":8,"retryReasons":[],"status":"passed","title":"sets created_as_user to TRUE"},{"ancestorTitles":["scheduledWorklogSync — created_as_user flag","when impersonation is called but author does NOT match accountId"],"duration":2,"failureDetails":[],"failureMessages":[],"fullName":"scheduledWorklogSync — created_as_user flag when impersonation is called but author does NOT match accountId keeps the app-authored worklog and saves mapping with created_as_user=false","invocations":1,"location":null,"numPassingAsserts":6,"retryReasons":[],"status":"passed","title":"keeps the app-authored worklog and saves mapping with created_as_user=false"},{"ancestorTitles":["scheduledWorklogSync — created_as_user flag","when impersonation response has no author field"],"duration":1,"failureDetails":[],"failureMessages":[],"fullName":"scheduledWorklogSync — created_as_user flag when impersonation response has no author field keeps the worklog and saves mapping with created_as_user=false","invocations":1,"location":null,"numPassingAsserts":5,"retryReasons":[],"status":"passed","title":"keeps the worklog and saves mapping with created_as_user=false"},{"ancestorTitles":["scheduledWorklogSync — created_as_user flag","when AUTH_TYPE_UNAVAILABLE prevents impersonation"],"duration":1,"failureDetails":[],"failureMessages":[],"fullName":"scheduledWorklogSync — created_as_user flag when AUTH_TYPE_UNAVAILABLE prevents impersonation falls back to asApp when AUTH_TYPE_UNAVAILABLE","invocations":1,"location":null,"numPassingAsserts":6,"retryReasons":[],"status":"passed","title":"falls back to asApp when AUTH_TYPE_UNAVAILABLE"},{"ancestorTitles":["scheduledWorklogSync — created_as_user flag","when no accountId exists for the user"],"duration":1,"failureDetails":[],"failureMessages":[],"fullName":"scheduledWorklogSync — created_as_user flag when no accountId exists for the user creates worklog via asApp when no accountId exists","invocations":1,"location":null,"numPassingAsserts":7,"retryReasons":[],"status":"passed","title":"creates worklog via asApp when no accountId exists"},{"ancestorTitles":["scheduledWorklogSync — update existing worklog"],"duration":2,"failureDetails":[],"failureMessages":[],"fullName":"scheduledWorklogSync — update existing worklog skips sync when time has not changed","invocations":1,"location":null,"numPassingAsserts":6,"retryReasons":[],"status":"passed","title":"skips sync when time has not changed"},{"ancestorTitles":["scheduledWorklogSync — update existing worklog"],"duration":1,"failureDetails":[],"failureMessages":[],"fullName":"scheduledWorklogSync — update existing worklog skips user-authored worklog even when time has changed (defers to interactive sync)","invocations":1,"location":null,"numPassingAsserts":6,"retryReasons":[],"status":"passed","title":"skips user-authored worklog even when time has changed (defers to interactive sync)"},{"ancestorTitles":["scheduledWorklogSync — update existing worklog"],"duration":0,"failureDetails":[],"failureMessages":[],"fullName":"scheduledWorklogSync — update existing worklog updates app-authored worklog via asUser when time changed and accountId available","invocations":1,"location":null,"numPassingAsserts":3,"retryReasons":[],"status":"passed","title":"updates app-authored worklog via asUser when time changed and accountId available"},{"ancestorTitles":["scheduledWorklogSync — update existing worklog"],"duration":1,"failureDetails":[],"failureMessages":[],"fullName":"scheduledWorklogSync — update existing worklog falls back to asApp for update when AUTH_TYPE_UNAVAILABLE","invocations":1,"location":null,"numPassingAsserts":3,"retryReasons":[],"status":"passed","title":"falls back to asApp for update when AUTH_TYPE_UNAVAILABLE"},{"ancestorTitles":["scheduledWorklogSync — update existing worklog"],"duration":1,"failureDetails":[],"failureMessages":[],"fullName":"scheduledWorklogSync — update existing worklog recreates worklog when update returns 404 (stale app-authored mapping)","invocations":1,"location":null,"numPassingAsserts":6,"retryReasons":[],"status":"passed","title":"recreates worklog when update returns 404 (stale app-authored mapping)"},{"ancestorTitles":["scheduledWorklogSync — edge cases"],"duration":1,"failureDetails":[],"failureMessages":[],"fullName":"scheduledWorklogSync — edge cases returns early when no tracking settings found","invocations":1,"location":null,"numPassingAsserts":2,"retryReasons":[],"status":"passed","title":"returns early when no tracking settings found"},{"ancestorTitles":["scheduledWorklogSync — edge cases"],"duration":0,"failureDetails":[],"failureMessages":[],"fullName":"scheduledWorklogSync — edge cases returns early when sync is not enabled for any org","invocations":1,"location":null,"numPassingAsserts":2,"retryReasons":[],"status":"passed","title":"returns early when sync is not enabled for any org"},{"ancestorTitles":["scheduledWorklogSync — edge cases"],"duration":3,"failureDetails":[],"failureMessages":[],"fullName":"scheduledWorklogSync — edge cases rounds up entries below MIN_SYNC_SECONDS (60s) to Jira minimum","invocations":1,"location":null,"numPassingAsserts":3,"retryReasons":[],"status":"passed","title":"rounds up entries below MIN_SYNC_SECONDS (60s) to Jira minimum"},{"ancestorTitles":["scheduledWorklogSync — edge cases"],"duration":2,"failureDetails":[],"failureMessages":[],"fullName":"scheduledWorklogSync — edge cases handles Jira error responses gracefully","invocations":1,"location":null,"numPassingAsserts":3,"retryReasons":[],"status":"passed","title":"handles Jira error responses gracefully"},{"ancestorTitles":["scheduledWorklogSync — edge cases"],"duration":2,"failureDetails":[],"failureMessages":[],"fullName":"scheduledWorklogSync — edge cases counts non-impersonation exceptions as errors","invocations":1,"location":null,"numPassingAsserts":3,"retryReasons":[],"status":"passed","title":"counts non-impersonation exceptions as errors"},{"ancestorTitles":["scheduledWorklogSync — edge cases"],"duration":2,"failureDetails":[],"failureMessages":[],"fullName":"scheduledWorklogSync — edge cases returns error when supabase is not configured","invocations":1,"location":null,"numPassingAsserts":1,"retryReasons":[],"status":"passed","title":"returns error when supabase is not configured"},{"ancestorTitles":["scheduledWorklogSync — project-level sync filtering"],"duration":2,"failureDetails":[],"failureMessages":[],"fullName":"scheduledWorklogSync — project-level sync filtering excludes projects that are explicitly disabled when org sync is enabled","invocations":1,"location":null,"numPassingAsserts":3,"retryReasons":[],"status":"passed","title":"excludes projects that are explicitly disabled when org sync is enabled"},{"ancestorTitles":["scheduledWorklogSync — project-level sync filtering"],"duration":1,"failureDetails":[],"failureMessages":[],"fullName":"scheduledWorklogSync — project-level sync filtering only syncs explicitly enabled projects when org sync is disabled","invocations":1,"location":null,"numPassingAsserts":3,"retryReasons":[],"status":"passed","title":"only syncs explicitly enabled projects when org sync is disabled"},{"ancestorTitles":["scheduledWorklogSync — diagnostic query and aggregation filter"],"duration":1,"failureDetails":[],"failureMessages":[],"fullName":"scheduledWorklogSync — diagnostic query and aggregation filter runs a diagnostic query before aggregation","invocations":1,"location":null,"numPassingAsserts":2,"retryReasons":[],"status":"passed","title":"runs a diagnostic query before aggregation"},{"ancestorTitles":["scheduledWorklogSync — diagnostic query and aggregation filter"],"duration":1,"failureDetails":[],"failureMessages":[],"fullName":"scheduledWorklogSync — diagnostic query and aggregation filter aggregation query does not include user_assigned_issue_key filter","invocations":1,"location":null,"numPassingAsserts":2,"retryReasons":[],"status":"passed","title":"aggregation query does not include user_assigned_issue_key filter"},{"ancestorTitles":["scheduledWorklogSync — diagnostic query and aggregation filter"],"duration":1,"failureDetails":[],"failureMessages":[],"fullName":"scheduledWorklogSync — diagnostic query and aggregation filter skips records with null user_assigned_issue_key in JS aggregation","invocations":1,"location":null,"numPassingAsserts":4,"retryReasons":[],"status":"passed","title":"skips records with null user_assigned_issue_key in JS aggregation"},{"ancestorTitles":["scheduledWorklogSync — pending record handling"],"duration":1,"failureDetails":[],"failureMessages":[],"fullName":"scheduledWorklogSync — pending record handling converts pending record to real worklog via asApp when time changes","invocations":1,"location":null,"numPassingAsserts":7,"retryReasons":[],"status":"passed","title":"converts pending record to real worklog via asApp when time changes"},{"ancestorTitles":["scheduledWorklogSync — pending record handling"],"duration":1,"failureDetails":[],"failureMessages":[],"fullName":"scheduledWorklogSync — pending record handling converts pending record even when tracked time has not changed","invocations":1,"location":null,"numPassingAsserts":3,"retryReasons":[],"status":"passed","title":"converts pending record even when tracked time has not changed"},{"ancestorTitles":["scheduledWorklogSync — pending record handling"],"duration":1,"failureDetails":[],"failureMessages":[],"fullName":"scheduledWorklogSync — pending record handling cleans up orphaned pending records without calling Jira","invocations":1,"location":null,"numPassingAsserts":4,"retryReasons":[],"status":"passed","title":"cleans up orphaned pending records without calling Jira"},{"ancestorTitles":["scheduledWorklogSync — pending record handling"],"duration":0,"failureDetails":[],"failureMessages":[],"fullName":"scheduledWorklogSync — pending record handling cleans up orphaned real worklogs normally","invocations":1,"location":null,"numPassingAsserts":3,"retryReasons":[],"status":"passed","title":"cleans up orphaned real worklogs normally"}],"endTime":1776669678844,"message":"","name":"D:\\ATG-timetracker\\main-20-04-26\\JIRAForge\\forge-app\\tests\\services\\scheduledWorklogSync.test.js","startTime":1776669678689,"status":"passed","summary":""},{"assertionResults":[{"ancestorTitles":["fetchTimeAnalyticsBatch — user visibility permissions"],"duration":5,"failureDetails":[],"failureMessages":[],"fullName":"fetchTimeAnalyticsBatch — user visibility permissions sets canViewAllUsers=false for a normal user (not admin, not project admin)","invocations":1,"location":null,"numPassingAsserts":2,"retryReasons":[],"status":"passed","title":"sets canViewAllUsers=false for a normal user (not admin, not project admin)"},{"ancestorTitles":["fetchTimeAnalyticsBatch — user visibility permissions"],"duration":1,"failureDetails":[],"failureMessages":[],"fullName":"fetchTimeAnalyticsBatch — user visibility permissions keeps canViewAllUsers=false for a Jira admin on Time Analytics page","invocations":1,"location":null,"numPassingAsserts":2,"retryReasons":[],"status":"passed","title":"keeps canViewAllUsers=false for a Jira admin on Time Analytics page"},{"ancestorTitles":["fetchTimeAnalyticsBatch — user visibility permissions"],"duration":1,"failureDetails":[],"failureMessages":[],"fullName":"fetchTimeAnalyticsBatch — user visibility permissions keeps canViewAllUsers=false for a project admin with valid project keys","invocations":1,"location":null,"numPassingAsserts":2,"retryReasons":[],"status":"passed","title":"keeps canViewAllUsers=false for a project admin with valid project keys"},{"ancestorTitles":["fetchTimeAnalyticsBatch — user visibility permissions"],"duration":0,"failureDetails":[],"failureMessages":[],"fullName":"fetchTimeAnalyticsBatch — user visibility permissions returns empty data for project admin with no discoverable projects","invocations":1,"location":null,"numPassingAsserts":4,"retryReasons":[],"status":"passed","title":"returns empty data for project admin with no discoverable projects"},{"ancestorTitles":["fetchTimeAnalyticsBatch — user visibility permissions"],"duration":0,"failureDetails":[],"failureMessages":[],"fullName":"fetchTimeAnalyticsBatch — user visibility permissions overrides server canViewAllUsers even when membership has can_view_team_analytics=true","invocations":1,"location":null,"numPassingAsserts":1,"retryReasons":[],"status":"passed","title":"overrides server canViewAllUsers even when membership has can_view_team_analytics=true"},{"ancestorTitles":["fetchTimeAnalytics (legacy) — user visibility permissions"],"duration":0,"failureDetails":[],"failureMessages":[],"fullName":"fetchTimeAnalytics (legacy) — user visibility permissions normal user with can_view_team_analytics=true still gets canViewAllUsers=false","invocations":1,"location":null,"numPassingAsserts":2,"retryReasons":[],"status":"passed","title":"normal user with can_view_team_analytics=true still gets canViewAllUsers=false"},{"ancestorTitles":["fetchTimeAnalytics (legacy) — user visibility permissions"],"duration":0,"failureDetails":[],"failureMessages":[],"fullName":"fetchTimeAnalytics (legacy) — user visibility permissions Jira admin still gets user-scoped analytics on Time Analytics page","invocations":1,"location":null,"numPassingAsserts":2,"retryReasons":[],"status":"passed","title":"Jira admin still gets user-scoped analytics on Time Analytics page"},{"ancestorTitles":["fetchTimeAnalytics (legacy) — user visibility permissions"],"duration":1,"failureDetails":[],"failureMessages":[],"fullName":"fetchTimeAnalytics (legacy) — user visibility permissions project admin still gets user-scoped analytics on Time Analytics page","invocations":1,"location":null,"numPassingAsserts":1,"retryReasons":[],"status":"passed","title":"project admin still gets user-scoped analytics on Time Analytics page"}],"endTime":1776669679100,"message":"","name":"D:\\ATG-timetracker\\main-20-04-26\\JIRAForge\\forge-app\\tests\\services\\userAnalyticsVisibility.test.js","startTime":1776669678938,"status":"passed","summary":""},{"assertionResults":[{"ancestorTitles":["worklogService — syncCurrentUserWorklogs","when a pending record exists (jira_worklog_id = PENDING)"],"duration":7,"failureDetails":[],"failureMessages":[],"fullName":"worklogService — syncCurrentUserWorklogs when a pending record exists (jira_worklog_id = PENDING) creates the worklog as the user without trying to delete from Jira","invocations":1,"location":null,"numPassingAsserts":9,"retryReasons":[],"status":"passed","title":"creates the worklog as the user without trying to delete from Jira"},{"ancestorTitles":["worklogService — syncCurrentUserWorklogs","when an app-created worklog exists (jira_worklog_id is set)"],"duration":1,"failureDetails":[],"failureMessages":[],"fullName":"worklogService — syncCurrentUserWorklogs when an app-created worklog exists (jira_worklog_id is set) deletes the app worklog and recreates as user","invocations":1,"location":null,"numPassingAsserts":6,"retryReasons":[],"status":"passed","title":"deletes the app worklog and recreates as user"},{"ancestorTitles":["worklogService — syncCurrentUserWorklogs","when an app-created worklog exists (jira_worklog_id is set)"],"duration":1,"failureDetails":[],"failureMessages":[],"fullName":"worklogService — syncCurrentUserWorklogs when an app-created worklog exists (jira_worklog_id is set) falls back to app-delete when user lacks DELETE_ALL_WORKLOGS (403)","invocations":1,"location":null,"numPassingAsserts":4,"retryReasons":[],"status":"passed","title":"falls back to app-delete when user lacks DELETE_ALL_WORKLOGS (403)"},{"ancestorTitles":["worklogService — syncCurrentUserWorklogs","when a user-created worklog exists with changed time"],"duration":1,"failureDetails":[],"failureMessages":[],"fullName":"worklogService — syncCurrentUserWorklogs when a user-created worklog exists with changed time updates the existing worklog in place","invocations":1,"location":null,"numPassingAsserts":4,"retryReasons":[],"status":"passed","title":"updates the existing worklog in place"},{"ancestorTitles":["worklogService — syncCurrentUserWorklogs","when updating a user-created worklog fails with a non-404 status"],"duration":1,"failureDetails":[],"failureMessages":[],"fullName":"worklogService — syncCurrentUserWorklogs when updating a user-created worklog fails with a non-404 status counts the entry as an error and does NOT create a duplicate worklog","invocations":1,"location":null,"numPassingAsserts":6,"retryReasons":[],"status":"passed","title":"counts the entry as an error and does NOT create a duplicate worklog"},{"ancestorTitles":["worklogService — syncCurrentUserWorklogs","when a user-created worklog has unchanged time"],"duration":3,"failureDetails":[],"failureMessages":[],"fullName":"worklogService — syncCurrentUserWorklogs when a user-created worklog has unchanged time skips syncing","invocations":1,"location":null,"numPassingAsserts":4,"retryReasons":[],"status":"passed","title":"skips syncing"},{"ancestorTitles":["worklogService — syncCurrentUserWorklogs","when no existing mapping exists"],"duration":1,"failureDetails":[],"failureMessages":[],"fullName":"worklogService — syncCurrentUserWorklogs when no existing mapping exists creates a new worklog as user","invocations":1,"location":null,"numPassingAsserts":6,"retryReasons":[],"status":"passed","title":"creates a new worklog as user"},{"ancestorTitles":["worklogService — syncCurrentUserWorklogs","when sync is not enabled"],"duration":1,"failureDetails":[],"failureMessages":[],"fullName":"worklogService — syncCurrentUserWorklogs when sync is not enabled returns early with success","invocations":1,"location":null,"numPassingAsserts":3,"retryReasons":[],"status":"passed","title":"returns early with success"},{"ancestorTitles":["worklogService — syncCurrentUserWorklogs","when /myself verification fails"],"duration":1,"failureDetails":[],"failureMessages":[],"fullName":"worklogService — syncCurrentUserWorklogs when /myself verification fails returns early with error when user session is broken","invocations":1,"location":null,"numPassingAsserts":3,"retryReasons":[],"status":"passed","title":"returns early with error when user session is broken"},{"ancestorTitles":["worklogService — syncCurrentUserWorklogs","when records have no user_assigned_issue_key but have project_key"],"duration":1,"failureDetails":[],"failureMessages":[],"fullName":"worklogService — syncCurrentUserWorklogs when records have no user_assigned_issue_key but have project_key creates worklog via window-title fallback matching","invocations":1,"location":null,"numPassingAsserts":6,"retryReasons":[],"status":"passed","title":"creates worklog via window-title fallback matching"},{"ancestorTitles":["worklogService — syncCurrentUserWorklogs","when records have no user_assigned_issue_key but have project_key"],"duration":2,"failureDetails":[],"failureMessages":[],"fullName":"worklogService — syncCurrentUserWorklogs when records have no user_assigned_issue_key but have project_key merges direct and fallback time for same issue","invocations":1,"location":null,"numPassingAsserts":3,"retryReasons":[],"status":"passed","title":"merges direct and fallback time for same issue"}],"endTime":1776669679238,"message":"","name":"D:\\ATG-timetracker\\main-20-04-26\\JIRAForge\\forge-app\\tests\\services\\worklogService.test.js","startTime":1776669679107,"status":"passed","summary":""},{"assertionResults":[{"ancestorTitles":["Time Analytics — Summary Card vs Daily Timesheet consistency","Bug scenario: seconds dropped when total >= 1 hour"],"duration":0,"failureDetails":[],"failureMessages":[],"fullName":"Time Analytics — Summary Card vs Daily Timesheet consistency Bug scenario: seconds dropped when total >= 1 hour summary card total (raw seconds) matches sum of user totals","invocations":1,"location":null,"numPassingAsserts":2,"retryReasons":[],"status":"passed","title":"summary card total (raw seconds) matches sum of user totals"},{"ancestorTitles":["Time Analytics — Summary Card vs Daily Timesheet consistency","Bug scenario: seconds dropped when total >= 1 hour"],"duration":0,"failureDetails":[],"failureMessages":[],"fullName":"Time Analytics — Summary Card vs Daily Timesheet consistency Bug scenario: seconds dropped when total >= 1 hour formatted summary card total matches sum of formatted user times","invocations":1,"location":null,"numPassingAsserts":2,"retryReasons":[],"status":"passed","title":"formatted summary card total matches sum of formatted user times"},{"ancestorTitles":["Time Analytics — Summary Card vs Daily Timesheet consistency","Multiple users with per-project breakdown"],"duration":0,"failureDetails":[],"failureMessages":[],"fullName":"Time Analytics — Summary Card vs Daily Timesheet consistency Multiple users with per-project breakdown both calculations correctly filter to today and aggregate","invocations":1,"location":null,"numPassingAsserts":2,"retryReasons":[],"status":"passed","title":"both calculations correctly filter to today and aggregate"},{"ancestorTitles":["Time Analytics — Summary Card vs Daily Timesheet consistency","Multiple users with per-project breakdown"],"duration":0,"failureDetails":[],"failureMessages":[],"fullName":"Time Analytics — Summary Card vs Daily Timesheet consistency Multiple users with per-project breakdown user totals correctly aggregate across projects","invocations":1,"location":null,"numPassingAsserts":2,"retryReasons":[],"status":"passed","title":"user totals correctly aggregate across projects"},{"ancestorTitles":["Time Analytics — Summary Card vs Daily Timesheet consistency","Edge case: no activity today"],"duration":0,"failureDetails":[],"failureMessages":[],"fullName":"Time Analytics — Summary Card vs Daily Timesheet consistency Edge case: no activity today both return 0 when no data for today","invocations":1,"location":null,"numPassingAsserts":3,"retryReasons":[],"status":"passed","title":"both return 0 when no data for today"},{"ancestorTitles":["Time Analytics — Summary Card vs Daily Timesheet consistency","Edge case: empty data"],"duration":0,"failureDetails":[],"failureMessages":[],"fullName":"Time Analytics — Summary Card vs Daily Timesheet consistency Edge case: empty data handles empty dailySummary","invocations":1,"location":null,"numPassingAsserts":2,"retryReasons":[],"status":"passed","title":"handles empty dailySummary"},{"ancestorTitles":["Time Analytics — Summary Card vs Daily Timesheet consistency","Edge case: exact hour boundary"],"duration":0,"failureDetails":[],"failureMessages":[],"fullName":"Time Analytics — Summary Card vs Daily Timesheet consistency Edge case: exact hour boundary exact 1h displays consistently","invocations":1,"location":null,"numPassingAsserts":3,"retryReasons":[],"status":"passed","title":"exact 1h displays consistently"},{"ancestorTitles":["Time Analytics — Summary Card vs Daily Timesheet consistency","Edge case: user in dailySummary but not in allUsers"],"duration":0,"failureDetails":[],"failureMessages":[],"fullName":"Time Analytics — Summary Card vs Daily Timesheet consistency Edge case: user in dailySummary but not in allUsers summary total includes unknown user time","invocations":1,"location":null,"numPassingAsserts":2,"retryReasons":[],"status":"passed","title":"summary total includes unknown user time"},{"ancestorTitles":["Time Analytics — Summary Card vs Daily Timesheet consistency","Date normalization edge cases"],"duration":0,"failureDetails":[],"failureMessages":[],"fullName":"Time Analytics — Summary Card vs Daily Timesheet consistency Date normalization edge cases handles timestamps with time component in work_date","invocations":1,"location":null,"numPassingAsserts":1,"retryReasons":[],"status":"passed","title":"handles timestamps with time component in work_date"},{"ancestorTitles":["Time Analytics — Summary Card vs Daily Timesheet consistency","Date normalization edge cases"],"duration":0,"failureDetails":[],"failureMessages":[],"fullName":"Time Analytics — Summary Card vs Daily Timesheet consistency Date normalization edge cases normalizeDate handles plain date strings","invocations":1,"location":null,"numPassingAsserts":1,"retryReasons":[],"status":"passed","title":"normalizeDate handles plain date strings"},{"ancestorTitles":["Time Analytics — Summary Card vs Daily Timesheet consistency","Date normalization edge cases"],"duration":0,"failureDetails":[],"failureMessages":[],"fullName":"Time Analytics — Summary Card vs Daily Timesheet consistency Date normalization edge cases normalizeDate strips time from timestamps","invocations":1,"location":null,"numPassingAsserts":1,"retryReasons":[],"status":"passed","title":"normalizeDate strips time from timestamps"},{"ancestorTitles":["Time Analytics — Summary Card vs Daily Timesheet consistency","Date normalization edge cases"],"duration":0,"failureDetails":[],"failureMessages":[],"fullName":"Time Analytics — Summary Card vs Daily Timesheet consistency Date normalization edge cases normalizeDate handles null/undefined","invocations":1,"location":null,"numPassingAsserts":2,"retryReasons":[],"status":"passed","title":"normalizeDate handles null/undefined"}],"endTime":1776669679376,"message":"","name":"D:\\ATG-timetracker\\main-20-04-26\\JIRAForge\\forge-app\\static\\main\\src\\components\\tabs\\time-analytics\\__tests__\\timeConsistency.test.js","startTime":1776669679260,"status":"passed","summary":""},{"assertionResults":[{"ancestorTitles":["Sub-minute worklog rounding (< 60s → 60s)","createJiraWorklog"],"duration":1,"failureDetails":[],"failureMessages":[],"fullName":"Sub-minute worklog rounding (< 60s → 60s) createJiraWorklog rounds 8 seconds up to 60 seconds","invocations":1,"location":null,"numPassingAsserts":1,"retryReasons":[],"status":"passed","title":"rounds 8 seconds up to 60 seconds"},{"ancestorTitles":["Sub-minute worklog rounding (< 60s → 60s)","createJiraWorklog"],"duration":0,"failureDetails":[],"failureMessages":[],"fullName":"Sub-minute worklog rounding (< 60s → 60s) createJiraWorklog rounds 1 second up to 60 seconds","invocations":1,"location":null,"numPassingAsserts":1,"retryReasons":[],"status":"passed","title":"rounds 1 second up to 60 seconds"},{"ancestorTitles":["Sub-minute worklog rounding (< 60s → 60s)","createJiraWorklog"],"duration":0,"failureDetails":[],"failureMessages":[],"fullName":"Sub-minute worklog rounding (< 60s → 60s) createJiraWorklog rounds 59 seconds up to 60 seconds","invocations":1,"location":null,"numPassingAsserts":1,"retryReasons":[],"status":"passed","title":"rounds 59 seconds up to 60 seconds"},{"ancestorTitles":["Sub-minute worklog rounding (< 60s → 60s)","createJiraWorklog"],"duration":0,"failureDetails":[],"failureMessages":[],"fullName":"Sub-minute worklog rounding (< 60s → 60s) createJiraWorklog keeps 60 seconds as-is","invocations":1,"location":null,"numPassingAsserts":1,"retryReasons":[],"status":"passed","title":"keeps 60 seconds as-is"},{"ancestorTitles":["Sub-minute worklog rounding (< 60s → 60s)","createJiraWorklog"],"duration":0,"failureDetails":[],"failureMessages":[],"fullName":"Sub-minute worklog rounding (< 60s → 60s) createJiraWorklog keeps 120 seconds as-is","invocations":1,"location":null,"numPassingAsserts":1,"retryReasons":[],"status":"passed","title":"keeps 120 seconds as-is"},{"ancestorTitles":["Sub-minute worklog rounding (< 60s → 60s)","createJiraWorklogAsUser"],"duration":0,"failureDetails":[],"failureMessages":[],"fullName":"Sub-minute worklog rounding (< 60s → 60s) createJiraWorklogAsUser rounds 30 seconds up to 60 seconds","invocations":1,"location":null,"numPassingAsserts":1,"retryReasons":[],"status":"passed","title":"rounds 30 seconds up to 60 seconds"},{"ancestorTitles":["Sub-minute worklog rounding (< 60s → 60s)","createJiraWorklogAsUser"],"duration":0,"failureDetails":[],"failureMessages":[],"fullName":"Sub-minute worklog rounding (< 60s → 60s) createJiraWorklogAsUser keeps 90 seconds as-is","invocations":1,"location":null,"numPassingAsserts":1,"retryReasons":[],"status":"passed","title":"keeps 90 seconds as-is"},{"ancestorTitles":["Sub-minute worklog rounding (< 60s → 60s)","createJiraWorklogAsApp"],"duration":1,"failureDetails":[],"failureMessages":[],"fullName":"Sub-minute worklog rounding (< 60s → 60s) createJiraWorklogAsApp rounds 45 seconds up to 60 seconds","invocations":1,"location":null,"numPassingAsserts":1,"retryReasons":[],"status":"passed","title":"rounds 45 seconds up to 60 seconds"},{"ancestorTitles":["Sub-minute worklog rounding (< 60s → 60s)","createJiraWorklogAsApp"],"duration":0,"failureDetails":[],"failureMessages":[],"fullName":"Sub-minute worklog rounding (< 60s → 60s) createJiraWorklogAsApp keeps 3600 seconds as-is","invocations":1,"location":null,"numPassingAsserts":1,"retryReasons":[],"status":"passed","title":"keeps 3600 seconds as-is"},{"ancestorTitles":["Sub-minute worklog rounding (< 60s → 60s)","updateJiraWorklog"],"duration":0,"failureDetails":[],"failureMessages":[],"fullName":"Sub-minute worklog rounding (< 60s → 60s) updateJiraWorklog rounds 15 seconds up to 60 seconds on update","invocations":1,"location":null,"numPassingAsserts":1,"retryReasons":[],"status":"passed","title":"rounds 15 seconds up to 60 seconds on update"},{"ancestorTitles":["Sub-minute worklog rounding (< 60s → 60s)","updateJiraWorklog"],"duration":0,"failureDetails":[],"failureMessages":[],"fullName":"Sub-minute worklog rounding (< 60s → 60s) updateJiraWorklog keeps 300 seconds as-is on update","invocations":1,"location":null,"numPassingAsserts":1,"retryReasons":[],"status":"passed","title":"keeps 300 seconds as-is on update"},{"ancestorTitles":["Sub-minute worklog rounding (< 60s → 60s)","updateJiraWorklogAsUser"],"duration":0,"failureDetails":[],"failureMessages":[],"fullName":"Sub-minute worklog rounding (< 60s → 60s) updateJiraWorklogAsUser rounds 5 seconds up to 60 seconds","invocations":1,"location":null,"numPassingAsserts":1,"retryReasons":[],"status":"passed","title":"rounds 5 seconds up to 60 seconds"},{"ancestorTitles":["Sub-minute worklog rounding (< 60s → 60s)","updateJiraWorklogAsApp"],"duration":1,"failureDetails":[],"failureMessages":[],"fullName":"Sub-minute worklog rounding (< 60s → 60s) updateJiraWorklogAsApp rounds 10 seconds up to 60 seconds","invocations":1,"location":null,"numPassingAsserts":1,"retryReasons":[],"status":"passed","title":"rounds 10 seconds up to 60 seconds"}],"endTime":1776669679490,"message":"","name":"D:\\ATG-timetracker\\main-20-04-26\\JIRAForge\\forge-app\\tests\\utils\\subMinuteWorklog.test.js","startTime":1776669679382,"status":"passed","summary":""},{"assertionResults":[{"ancestorTitles":["getActiveIssuesWithTime","JQL filter"],"duration":7,"failureDetails":[],"failureMessages":[],"fullName":"getActiveIssuesWithTime JQL filter should call getAllUserAssignedIssues with the JQL filter that includes sprint and non-sprint issues","invocations":1,"location":null,"numPassingAsserts":2,"retryReasons":[],"status":"passed","title":"should call getAllUserAssignedIssues with the JQL filter that includes sprint and non-sprint issues"},{"ancestorTitles":["getActiveIssuesWithTime","JQL filter"],"duration":1,"failureDetails":[],"failureMessages":[],"fullName":"getActiveIssuesWithTime JQL filter should include sprint in openSprints() for Scrum project issues","invocations":1,"location":null,"numPassingAsserts":1,"retryReasons":[],"status":"passed","title":"should include sprint in openSprints() for Scrum project issues"},{"ancestorTitles":["getActiveIssuesWithTime","JQL filter"],"duration":0,"failureDetails":[],"failureMessages":[],"fullName":"getActiveIssuesWithTime JQL filter should include sprint is EMPTY clause for JSM/Kanban issues","invocations":1,"location":null,"numPassingAsserts":1,"retryReasons":[],"status":"passed","title":"should include sprint is EMPTY clause for JSM/Kanban issues"},{"ancestorTitles":["getActiveIssuesWithTime","JQL filter"],"duration":1,"failureDetails":[],"failureMessages":[],"fullName":"getActiveIssuesWithTime JQL filter should filter non-sprint issues by resolution = EMPTY AND statusCategory != Done","invocations":1,"location":null,"numPassingAsserts":2,"retryReasons":[],"status":"passed","title":"should filter non-sprint issues by resolution = EMPTY AND statusCategory != Done"},{"ancestorTitles":["getActiveIssuesWithTime","JQL filter"],"duration":1,"failureDetails":[],"failureMessages":[],"fullName":"getActiveIssuesWithTime JQL filter should use OR to combine sprint and non-sprint conditions","invocations":1,"location":null,"numPassingAsserts":1,"retryReasons":[],"status":"passed","title":"should use OR to combine sprint and non-sprint conditions"},{"ancestorTitles":["getActiveIssuesWithTime","without Supabase config"],"duration":1,"failureDetails":[],"failureMessages":[],"fullName":"getActiveIssuesWithTime without Supabase config should return formatted issues without time tracking when Supabase is not configured","invocations":1,"location":null,"numPassingAsserts":3,"retryReasons":[],"status":"passed","title":"should return formatted issues without time tracking when Supabase is not configured"},{"ancestorTitles":["getActiveIssuesWithTime","without Supabase config"],"duration":0,"failureDetails":[],"failureMessages":[],"fullName":"getActiveIssuesWithTime without Supabase config should set timeTracked to 0 for all issues when Supabase is not configured","invocations":1,"location":null,"numPassingAsserts":2,"retryReasons":[],"status":"passed","title":"should set timeTracked to 0 for all issues when Supabase is not configured"},{"ancestorTitles":["getActiveIssuesWithTime","with Supabase config and activity records"],"duration":2,"failureDetails":[],"failureMessages":[],"fullName":"getActiveIssuesWithTime with Supabase config and activity records should enrich JSM issues with time tracking data from activity records","invocations":1,"location":null,"numPassingAsserts":4,"retryReasons":[],"status":"passed","title":"should enrich JSM issues with time tracking data from activity records"},{"ancestorTitles":["getActiveIssuesWithTime","with Supabase config and activity records"],"duration":1,"failureDetails":[],"failureMessages":[],"fullName":"getActiveIssuesWithTime with Supabase config and activity records should handle mixed Scrum and JSM issues together","invocations":1,"location":null,"numPassingAsserts":4,"retryReasons":[],"status":"passed","title":"should handle mixed Scrum and JSM issues together"},{"ancestorTitles":["getActiveIssuesWithTime","issue enrichment"],"duration":1,"failureDetails":[],"failureMessages":[],"fullName":"getActiveIssuesWithTime issue enrichment should correctly map JSM issue types and status categories","invocations":1,"location":null,"numPassingAsserts":1,"retryReasons":[],"status":"passed","title":"should correctly map JSM issue types and status categories"},{"ancestorTitles":["getActiveIssuesWithTime","issue enrichment"],"duration":4,"failureDetails":[],"failureMessages":[],"fullName":"getActiveIssuesWithTime issue enrichment should sort issues with In Progress first, then others, then Done","invocations":1,"location":null,"numPassingAsserts":2,"retryReasons":[],"status":"passed","title":"should sort issues with In Progress first, then others, then Done"},{"ancestorTitles":["getActiveIssuesWithTime","edge cases"],"duration":1,"failureDetails":[],"failureMessages":[],"fullName":"getActiveIssuesWithTime edge cases should return empty issues when Jira returns no results","invocations":1,"location":null,"numPassingAsserts":2,"retryReasons":[],"status":"passed","title":"should return empty issues when Jira returns no results"},{"ancestorTitles":["getActiveIssuesWithTime","edge cases"],"duration":1,"failureDetails":[],"failureMessages":[],"fullName":"getActiveIssuesWithTime edge cases should handle null issues array from Jira gracefully","invocations":1,"location":null,"numPassingAsserts":2,"retryReasons":[],"status":"passed","title":"should handle null issues array from Jira gracefully"},{"ancestorTitles":["getActiveIssuesWithTime","edge cases"],"duration":1,"failureDetails":[],"failureMessages":[],"fullName":"getActiveIssuesWithTime edge cases should return issues without time when organization lookup fails","invocations":1,"location":null,"numPassingAsserts":2,"retryReasons":[],"status":"passed","title":"should return issues without time when organization lookup fails"},{"ancestorTitles":["getActiveIssuesWithTime","edge cases"],"duration":1,"failureDetails":[],"failureMessages":[],"fullName":"getActiveIssuesWithTime edge cases should return issues without time when user lookup fails","invocations":1,"location":null,"numPassingAsserts":2,"retryReasons":[],"status":"passed","title":"should return issues without time when user lookup fails"}],"endTime":1776669679621,"message":"","name":"D:\\ATG-timetracker\\main-20-04-26\\JIRAForge\\forge-app\\tests\\services\\issueQueryService.test.js","startTime":1776669679496,"status":"passed","summary":""},{"assertionResults":[{"ancestorTitles":["worklogReassignmentService","reassignWorklog - happy path"],"duration":4,"failureDetails":[],"failureMessages":[],"fullName":"worklogReassignmentService reassignWorklog - happy path successfully reassigns a worklog end-to-end","invocations":1,"location":null,"numPassingAsserts":9,"retryReasons":[],"status":"passed","title":"successfully reassigns a worklog end-to-end"},{"ancestorTitles":["worklogReassignmentService","reassignWorklog - validation errors"],"duration":14,"failureDetails":[],"failureMessages":[],"fullName":"worklogReassignmentService reassignWorklog - validation errors rejects same source and target issue","invocations":1,"location":null,"numPassingAsserts":1,"retryReasons":[],"status":"passed","title":"rejects same source and target issue"},{"ancestorTitles":["worklogReassignmentService","reassignWorklog - validation errors"],"duration":0,"failureDetails":[],"failureMessages":[],"fullName":"worklogReassignmentService reassignWorklog - validation errors rejects invalid source issue key format","invocations":1,"location":null,"numPassingAsserts":1,"retryReasons":[],"status":"passed","title":"rejects invalid source issue key format"},{"ancestorTitles":["worklogReassignmentService","reassignWorklog - validation errors"],"duration":0,"failureDetails":[],"failureMessages":[],"fullName":"worklogReassignmentService reassignWorklog - validation errors rejects invalid target issue key format","invocations":1,"location":null,"numPassingAsserts":1,"retryReasons":[],"status":"passed","title":"rejects invalid target issue key format"},{"ancestorTitles":["worklogReassignmentService","reassignWorklog - no sync record"],"duration":0,"failureDetails":[],"failureMessages":[],"fullName":"worklogReassignmentService reassignWorklog - no sync record reassigns activity records when no synced worklog exists for source issue","invocations":1,"location":null,"numPassingAsserts":2,"retryReasons":[],"status":"passed","title":"reassigns activity records when no synced worklog exists for source issue"},{"ancestorTitles":["worklogReassignmentService","reassignWorklog - pending worklog"],"duration":0,"failureDetails":[],"failureMessages":[],"fullName":"worklogReassignmentService reassignWorklog - pending worklog reassigns pending worklog mapping when jira_worklog_id is null","invocations":1,"location":null,"numPassingAsserts":2,"retryReasons":[],"status":"passed","title":"reassigns pending worklog mapping when jira_worklog_id is null"},{"ancestorTitles":["worklogReassignmentService","reassignWorklog - duplicate target detection"],"duration":0,"failureDetails":[],"failureMessages":[],"fullName":"worklogReassignmentService reassignWorklog - duplicate target detection allows reassignment when target worklog is from a different date","invocations":1,"location":null,"numPassingAsserts":1,"retryReasons":[],"status":"passed","title":"allows reassignment when target worklog is from a different date"},{"ancestorTitles":["worklogReassignmentService","reassignWorklog - rollback on Jira create failure"],"duration":1,"failureDetails":[],"failureMessages":[],"fullName":"worklogReassignmentService reassignWorklog - rollback on Jira create failure attempts rollback when creating worklog on new issue fails","invocations":1,"location":null,"numPassingAsserts":3,"retryReasons":[],"status":"passed","title":"attempts rollback when creating worklog on new issue fails"},{"ancestorTitles":["worklogReassignmentService","reassignWorklog - idempotent delete (404)"],"duration":1,"failureDetails":[],"failureMessages":[],"fullName":"worklogReassignmentService reassignWorklog - idempotent delete (404) succeeds when Jira delete returns 404","invocations":1,"location":null,"numPassingAsserts":2,"retryReasons":[],"status":"passed","title":"succeeds when Jira delete returns 404"},{"ancestorTitles":["worklogReassignmentService","reassignWorklog - analysis_results update failure is non-critical"],"duration":1,"failureDetails":[],"failureMessages":[],"fullName":"worklogReassignmentService reassignWorklog - analysis_results update failure is non-critical succeeds even if legacy analysis_results update fails","invocations":1,"location":null,"numPassingAsserts":1,"retryReasons":[],"status":"passed","title":"succeeds even if legacy analysis_results update fails"}],"endTime":1776669679763,"message":"","name":"D:\\ATG-timetracker\\main-20-04-26\\JIRAForge\\forge-app\\tests\\services\\worklogReassignmentService.test.js","startTime":1776669679632,"status":"passed","summary":""},{"assertionResults":[{"ancestorTitles":["formatTime","edge cases"],"duration":0,"failureDetails":[],"failureMessages":[],"fullName":"formatTime edge cases returns \"0s\" for 0 seconds","invocations":1,"location":null,"numPassingAsserts":1,"retryReasons":[],"status":"passed","title":"returns \"0s\" for 0 seconds"},{"ancestorTitles":["formatTime","edge cases"],"duration":0,"failureDetails":[],"failureMessages":[],"fullName":"formatTime edge cases returns \"0s\" for null","invocations":1,"location":null,"numPassingAsserts":1,"retryReasons":[],"status":"passed","title":"returns \"0s\" for null"},{"ancestorTitles":["formatTime","edge cases"],"duration":1,"failureDetails":[],"failureMessages":[],"fullName":"formatTime edge cases returns \"0s\" for undefined","invocations":1,"location":null,"numPassingAsserts":1,"retryReasons":[],"status":"passed","title":"returns \"0s\" for undefined"},{"ancestorTitles":["formatTime","edge cases"],"duration":0,"failureDetails":[],"failureMessages":[],"fullName":"formatTime edge cases returns \"0s\" for negative values","invocations":1,"location":null,"numPassingAsserts":1,"retryReasons":[],"status":"passed","title":"returns \"0s\" for negative values"},{"ancestorTitles":["formatTime","seconds only (< 1 minute)"],"duration":0,"failureDetails":[],"failureMessages":[],"fullName":"formatTime seconds only (< 1 minute) formats 1 second","invocations":1,"location":null,"numPassingAsserts":1,"retryReasons":[],"status":"passed","title":"formats 1 second"},{"ancestorTitles":["formatTime","seconds only (< 1 minute)"],"duration":0,"failureDetails":[],"failureMessages":[],"fullName":"formatTime seconds only (< 1 minute) formats 30 seconds","invocations":1,"location":null,"numPassingAsserts":1,"retryReasons":[],"status":"passed","title":"formats 30 seconds"},{"ancestorTitles":["formatTime","seconds only (< 1 minute)"],"duration":0,"failureDetails":[],"failureMessages":[],"fullName":"formatTime seconds only (< 1 minute) formats 59 seconds","invocations":1,"location":null,"numPassingAsserts":1,"retryReasons":[],"status":"passed","title":"formats 59 seconds"},{"ancestorTitles":["formatTime","minutes and seconds (< 1 hour)"],"duration":1,"failureDetails":[],"failureMessages":[],"fullName":"formatTime minutes and seconds (< 1 hour) formats exact minutes","invocations":1,"location":null,"numPassingAsserts":2,"retryReasons":[],"status":"passed","title":"formats exact minutes"},{"ancestorTitles":["formatTime","minutes and seconds (< 1 hour)"],"duration":0,"failureDetails":[],"failureMessages":[],"fullName":"formatTime minutes and seconds (< 1 hour) formats minutes with seconds","invocations":1,"location":null,"numPassingAsserts":2,"retryReasons":[],"status":"passed","title":"formats minutes with seconds"},{"ancestorTitles":["formatTime","minutes and seconds (< 1 hour)"],"duration":0,"failureDetails":[],"failureMessages":[],"fullName":"formatTime minutes and seconds (< 1 hour) formats 44m 50s (2690 seconds) — user Srilakshmi Achanta","invocations":1,"location":null,"numPassingAsserts":1,"retryReasons":[],"status":"passed","title":"formats 44m 50s (2690 seconds) — user Srilakshmi Achanta"},{"ancestorTitles":["formatTime","minutes and seconds (< 1 hour)"],"duration":0,"failureDetails":[],"failureMessages":[],"fullName":"formatTime minutes and seconds (< 1 hour) formats 23m 12s (1392 seconds) — user Joseph Visak","invocations":1,"location":null,"numPassingAsserts":1,"retryReasons":[],"status":"passed","title":"formats 23m 12s (1392 seconds) — user Joseph Visak"},{"ancestorTitles":["formatTime","hours with minutes and seconds (>= 1 hour)"],"duration":0,"failureDetails":[],"failureMessages":[],"fullName":"formatTime hours with minutes and seconds (>= 1 hour) formats exact hours","invocations":1,"location":null,"numPassingAsserts":2,"retryReasons":[],"status":"passed","title":"formats exact hours"},{"ancestorTitles":["formatTime","hours with minutes and seconds (>= 1 hour)"],"duration":1,"failureDetails":[],"failureMessages":[],"fullName":"formatTime hours with minutes and seconds (>= 1 hour) formats hours with minutes","invocations":1,"location":null,"numPassingAsserts":2,"retryReasons":[],"status":"passed","title":"formats hours with minutes"},{"ancestorTitles":["formatTime","hours with minutes and seconds (>= 1 hour)"],"duration":0,"failureDetails":[],"failureMessages":[],"fullName":"formatTime hours with minutes and seconds (>= 1 hour) formats hours with seconds only","invocations":1,"location":null,"numPassingAsserts":1,"retryReasons":[],"status":"passed","title":"formats hours with seconds only"},{"ancestorTitles":["formatTime","hours with minutes and seconds (>= 1 hour)"],"duration":0,"failureDetails":[],"failureMessages":[],"fullName":"formatTime hours with minutes and seconds (>= 1 hour) formats hours with minutes AND seconds — the critical fix","invocations":1,"location":null,"numPassingAsserts":2,"retryReasons":[],"status":"passed","title":"formats hours with minutes AND seconds — the critical fix"},{"ancestorTitles":["formatTime","hours with minutes and seconds (>= 1 hour)"],"duration":0,"failureDetails":[],"failureMessages":[],"fullName":"formatTime hours with minutes and seconds (>= 1 hour) formats 1h 8m 2s (4082 seconds) — the exact bug scenario total","invocations":1,"location":null,"numPassingAsserts":1,"retryReasons":[],"status":"passed","title":"formats 1h 8m 2s (4082 seconds) — the exact bug scenario total"},{"ancestorTitles":["formatTime","hours with minutes and seconds (>= 1 hour)"],"duration":0,"failureDetails":[],"failureMessages":[],"fullName":"formatTime hours with minutes and seconds (>= 1 hour) formats large durations with all components","invocations":1,"location":null,"numPassingAsserts":2,"retryReasons":[],"status":"passed","title":"formats large durations with all components"},{"ancestorTitles":["formatTime","consistency: sum of individual times equals formatted total"],"duration":1,"failureDetails":[],"failureMessages":[],"fullName":"formatTime consistency: sum of individual times equals formatted total sum of user times matches the overall total — the reported bug scenario","invocations":1,"location":null,"numPassingAsserts":4,"retryReasons":[],"status":"passed","title":"sum of user times matches the overall total — the reported bug scenario"},{"ancestorTitles":["formatTime","consistency: sum of individual times equals formatted total"],"duration":0,"failureDetails":[],"failureMessages":[],"fullName":"formatTime consistency: sum of individual times equals formatted total sum still works when all values are exact minutes","invocations":1,"location":null,"numPassingAsserts":3,"retryReasons":[],"status":"passed","title":"sum still works when all values are exact minutes"},{"ancestorTitles":["formatTime","consistency: sum of individual times equals formatted total"],"duration":1,"failureDetails":[],"failureMessages":[],"fullName":"formatTime consistency: sum of individual times equals formatted total sum preserves seconds across multiple users","invocations":1,"location":null,"numPassingAsserts":3,"retryReasons":[],"status":"passed","title":"sum preserves seconds across multiple users"},{"ancestorTitles":["formatTime","fractional/decimal seconds handling"],"duration":0,"failureDetails":[],"failureMessages":[],"fullName":"formatTime fractional/decimal seconds handling floors fractional seconds","invocations":1,"location":null,"numPassingAsserts":2,"retryReasons":[],"status":"passed","title":"floors fractional seconds"},{"ancestorTitles":["formatHours"],"duration":0,"failureDetails":[],"failureMessages":[],"fullName":"formatHours returns \"0\" for null/undefined/0","invocations":1,"location":null,"numPassingAsserts":3,"retryReasons":[],"status":"passed","title":"returns \"0\" for null/undefined/0"},{"ancestorTitles":["formatHours"],"duration":2,"failureDetails":[],"failureMessages":[],"fullName":"formatHours formats seconds to decimal hours","invocations":1,"location":null,"numPassingAsserts":3,"retryReasons":[],"status":"passed","title":"formats seconds to decimal hours"}],"endTime":1776669679898,"message":"","name":"D:\\ATG-timetracker\\main-20-04-26\\JIRAForge\\forge-app\\static\\main\\src\\utils\\__tests__\\timeFormatting.test.js","startTime":1776669679779,"status":"passed","summary":""},{"assertionResults":[{"ancestorTitles":["Worklog comment format"],"duration":2,"failureDetails":[],"failureMessages":[],"fullName":"Worklog comment format passes displayName to createJiraWorklog so comment says \"Uploaded by {name}\"","invocations":1,"location":null,"numPassingAsserts":1,"retryReasons":[],"status":"passed","title":"passes displayName to createJiraWorklog so comment says \"Uploaded by {name}\""},{"ancestorTitles":["Author verification — created_as_user flag"],"duration":1,"failureDetails":[],"failureMessages":[],"fullName":"Author verification — created_as_user flag sets created_as_user=true when Jira author matches the user","invocations":1,"location":null,"numPassingAsserts":4,"retryReasons":[],"status":"passed","title":"sets created_as_user=true when Jira author matches the user"},{"ancestorTitles":["Author verification — created_as_user flag"],"duration":1,"failureDetails":[],"failureMessages":[],"fullName":"Author verification — created_as_user flag sets created_as_user=false when Jira author is the app (not the user)","invocations":1,"location":null,"numPassingAsserts":4,"retryReasons":[],"status":"passed","title":"sets created_as_user=false when Jira author is the app (not the user)"},{"ancestorTitles":["Author verification — created_as_user flag"],"duration":1,"failureDetails":[],"failureMessages":[],"fullName":"Author verification — created_as_user flag sets created_as_user=false when Jira response has no author field","invocations":1,"location":null,"numPassingAsserts":3,"retryReasons":[],"status":"passed","title":"sets created_as_user=false when Jira response has no author field"},{"ancestorTitles":["Migration retry — app-authored worklog gets retried on next sync"],"duration":4,"failureDetails":[],"failureMessages":[],"fullName":"Migration retry — app-authored worklog gets retried on next sync re-attempts migration when existing mapping has created_as_user=false","invocations":1,"location":null,"numPassingAsserts":7,"retryReasons":[],"status":"passed","title":"re-attempts migration when existing mapping has created_as_user=false"}],"endTime":1776669679995,"message":"","name":"D:\\ATG-timetracker\\main-20-04-26\\JIRAForge\\forge-app\\tests\\services\\worklogAuthorVerification.test.js","startTime":1776669679902,"status":"passed","summary":""}],"wasInterrupted":false}
